path '/home/zev/dotfiles/nixos/flake.nix' does not contain a 'flake.nix', searching up
warning: Git tree '/home/zev/dotfiles/nixos' is dirty
building the system configuration...
path '/home/zev/dotfiles/nixos/flake.nix' does not contain a 'flake.nix', searching up
warning: Git tree '/home/zev/dotfiles/nixos' is dirty
trace: warning: The option `services.xserver.xkbVariant' defined in `/nix/store/nfl6xny7mqjvm4fac728syjydfnk284l-source/hosts/zlaptop/configuration.nix' has been renamed to `services.xserver.xkb.variant'.
trace: warning: The option `services.xserver.layout' defined in `/nix/store/nfl6xny7mqjvm4fac728syjydfnk284l-source/hosts/zlaptop/configuration.nix' has been renamed to `services.xserver.xkb.layout'.
these 21 derivations will be built:
  /nix/store/k25crffr7d34n9d9h0czpcmsd525cl1r-system-path.drv
  /nix/store/xivm7xd5b0m757ssl4j9bwc02gmp6pwg-dbus-1.drv
  /nix/store/bw41n63p6pk844k0idmlby2pha4wic84-X-Restart-Triggers-dbus.drv
  /nix/store/0fw3064vvjjb17f007f8xa094b561jwg-unit-dbus.service.drv
  /nix/store/28g18w9068kcmira1rkzk11zbvh5jshr-hyprpaper-0.7.0_fish-completions.drv
  /nix/store/86lzbbiq4mjbirqnw97gyx0as2a8vjlw-man-paths.drv
  /nix/store/mwwq7x4i4i51asq0i85s4zaw8wzmw0ib-man-cache.drv
  /nix/store/2s850nfs5anij60nz7yany4n87vf5zl7-etc-man_db.conf.drv
  /nix/store/59ayfb0hxydvy2nzprv4br6fg99f8c7j-etc-pam-environment.drv
  /nix/store/70vwbladi0pvswmsz6wynz24i9dprxj5-set-environment.drv
  /nix/store/80svw4slxsp39dlpgmdvmxz5pv54hj1l-unit-dbus.service.drv
  /nix/store/ikdisc51hkarh6wxif3ri0f9glmc7nnc-X-Restart-Triggers-polkit.drv
  /nix/store/83a39p3sdxldmy97llywb8624vcdzqwi-unit-polkit.service.drv
  /nix/store/917isw48jj34whhcssa26sbcnarp5r27-user-units.drv
  /nix/store/af5nwfnzb5f6n23gw83d7cym8s6pbdyk-etc-profile.drv
  /nix/store/gsl2ifhy19flnw8liy1161n7n9w9vgyb-unit-accounts-daemon.service.drv
  /nix/store/n4i7phj76raidh5b1ph7fi46bg7xw1ns-etc-fish-nixos-env-preinit.fish.drv
  /nix/store/s52ibdsr905i66yzc7k5236ynfhirvn9-system_fish-completions.drv
  /nix/store/ymccvccfb7p67wy92rwcq6zinfhxcs9h-system-units.drv
  /nix/store/gzjq0r1h5sl0bh7gnhv7q63ycp2azfp9-etc.drv
  /nix/store/xknizrd9zv1f556dda6as6ajjdxixibh-nixos-system-zlaptop-24.11.20240703.9f4128e.drv
building '/nix/store/k25crffr7d34n9d9h0czpcmsd525cl1r-system-path.drv'...
building '/nix/store/28g18w9068kcmira1rkzk11zbvh5jshr-hyprpaper-0.7.0_fish-completions.drv'...
building '/nix/store/86lzbbiq4mjbirqnw97gyx0as2a8vjlw-man-paths.drv'...
building '/nix/store/s52ibdsr905i66yzc7k5236ynfhirvn9-system_fish-completions.drv'...
building '/nix/store/mwwq7x4i4i51asq0i85s4zaw8wzmw0ib-man-cache.drv'...
building '/nix/store/ikdisc51hkarh6wxif3ri0f9glmc7nnc-X-Restart-Triggers-polkit.drv'...
building '/nix/store/xivm7xd5b0m757ssl4j9bwc02gmp6pwg-dbus-1.drv'...
building '/nix/store/59ayfb0hxydvy2nzprv4br6fg99f8c7j-etc-pam-environment.drv'...
building '/nix/store/70vwbladi0pvswmsz6wynz24i9dprxj5-set-environment.drv'...
building '/nix/store/gsl2ifhy19flnw8liy1161n7n9w9vgyb-unit-accounts-daemon.service.drv'...
building '/nix/store/bw41n63p6pk844k0idmlby2pha4wic84-X-Restart-Triggers-dbus.drv'...
building '/nix/store/83a39p3sdxldmy97llywb8624vcdzqwi-unit-polkit.service.drv'...
building '/nix/store/n4i7phj76raidh5b1ph7fi46bg7xw1ns-etc-fish-nixos-env-preinit.fish.drv'...
building '/nix/store/af5nwfnzb5f6n23gw83d7cym8s6pbdyk-etc-profile.drv'...
building '/nix/store/0fw3064vvjjb17f007f8xa094b561jwg-unit-dbus.service.drv'...
building '/nix/store/80svw4slxsp39dlpgmdvmxz5pv54hj1l-unit-dbus.service.drv'...
building '/nix/store/ymccvccfb7p67wy92rwcq6zinfhxcs9h-system-units.drv'...
building '/nix/store/917isw48jj34whhcssa26sbcnarp5r27-user-units.drv'...
building '/nix/store/2s850nfs5anij60nz7yany4n87vf5zl7-etc-man_db.conf.drv'...
building '/nix/store/gzjq0r1h5sl0bh7gnhv7q63ycp2azfp9-etc.drv'...
building '/nix/store/xknizrd9zv1f556dda6as6ajjdxixibh-nixos-system-zlaptop-24.11.20240703.9f4128e.drv'...
stopping the following units: accounts-daemon.service
activating the configuration...
setting up /etc...
reloading user units for zev...
restarting sysinit-reactivation.target
reloading the following units: dbus.service
restarting the following units: polkit.service
starting the following units: accounts-daemon.service
